<?xml version="1.0" encoding="UTF-8"?>
<!-- Generated by org.testng.reporters.JUnitReportReporter -->
<testsuite skipped="0" hostname="DESKTOP-FVVPMEF" name="testNG.DemoC" tests="1" failures="0" timestamp="28 Mar 2019 12:27:14 GMT" time="0.001" errors="0">
  <testcase name="testC" time="0.001" classname="testNG.DemoC"/>
</testsuite> <!-- testNG.DemoC -->
