<?xml version="1.0" encoding="UTF-8"?>
<!-- Generated by org.testng.reporters.JUnitReportReporter -->
<testsuite skipped="1" hostname="DESKTOP-FVVPMEF" name="testNG.to_disable_testMethod" tests="2" failures="0" timestamp="28 Mar 2019 15:29:44 GMT" time="0.011" errors="0">
  <testcase name="registerUser" time="0.011" classname="testNG.to_disable_testMethod"/>
  <testcase name="deleteUser" classname="testNG.to_disable_testMethod">
    <skipped/>
  </testcase> <!-- deleteUser -->
</testsuite> <!-- testNG.to_disable_testMethod -->
