<?xml version="1.0" encoding="UTF-8"?>
<!-- Generated by org.testng.reporters.JUnitReportReporter -->
<testsuite skipped="0" hostname="DESKTOP-FVVPMEF" name="testNG.TestNG_Invocation" tests="5" failures="0" timestamp="28 Mar 2019 15:01:58 GMT" time="0.019" errors="0">
  <testcase name="testC" time="0.010" classname="testNG.TestNG_Invocation"/>
  <testcase name="testC" time="0.002" classname="testNG.TestNG_Invocation"/>
  <testcase name="testC" time="0.002" classname="testNG.TestNG_Invocation"/>
  <testcase name="testC" time="0.003" classname="testNG.TestNG_Invocation"/>
  <testcase name="testC" time="0.002" classname="testNG.TestNG_Invocation"/>
</testsuite> <!-- testNG.TestNG_Invocation -->
