<?xml version="1.0" encoding="UTF-8"?>
<!-- Generated by org.testng.reporters.JUnitReportReporter -->
<testsuite skipped="0" hostname="DESKTOP-FVVPMEF" name="testNG.BaseTest" tests="3" failures="0" timestamp="28 Mar 2019 12:47:29 GMT" time="0.010" errors="0">
  <testcase name="editUser" time="0.002" classname="testNG.BaseTest"/>
  <testcase name="registerUser" time="0.007" classname="testNG.BaseTest"/>
  <testcase name="DeleteUser" time="0.001" classname="testNG.BaseTest"/>
</testsuite> <!-- testNG.BaseTest -->
