<?xml version="1.0" encoding="UTF-8"?>
<!-- Generated by org.testng.reporters.JUnitReportReporter -->
<testsuite skipped="0" hostname="DESKTOP-FVVPMEF" name="testNG.DemoA" tests="1" failures="0" timestamp="28 Mar 2019 13:04:46 GMT" time="0.014" errors="0">
  <testcase name="registerUser" time="0.014" classname="testNG.DemoA"/>
</testsuite> <!-- testNG.DemoA -->
