<?xml version="1.0" encoding="UTF-8"?>
<!-- Generated by org.testng.reporters.JUnitReportReporter -->
<testsuite skipped="0" hostname="DESKTOP-FVVPMEF" name="testNG.DemoB" tests="3" failures="0" timestamp="28 Mar 2019 12:41:08 GMT" time="0.011" errors="0">
  <testcase name="man" time="0.001" classname="testNG.DemoB"/>
  <testcase name="editUser" time="0.002" classname="testNG.DemoB"/>
  <testcase name="register" time="0.008" classname="testNG.DemoB"/>
</testsuite> <!-- testNG.DemoB -->
